[2022-12-21T20:26:28.327] [WARN] warning - Ruta: /productos - Método: GET
[2022-12-21T20:26:28.579] [WARN] warning - Ruta: /favicon.ico - Método: GET
[2022-12-21T20:26:36.920] [WARN] warning - Ruta: /favicon.ico - Método: GET
[2022-12-21T20:26:43.882] [WARN] warning - Ruta: /favicon.ico - Método: GET
[2022-12-21T20:26:51.956] [WARN] warning - Ruta: /productos - Método: GET
[2022-12-21T20:26:52.081] [WARN] warning - Ruta: /favicon.ico - Método: GET
[2022-12-21T20:27:07.531] [WARN] warning - Ruta: /favicon.ico - Método: GET
[2022-12-21T20:29:59.638] [WARN] warning - Ruta: /favicon.ico - Método: GET
[2022-12-21T20:30:11.518] [WARN] warning - Ruta: /favicon.ico - Método: GET
[2022-12-21T20:34:29.637] [WARN] warning - Ruta: /favicon.ico - Método: GET
[2022-12-21T20:46:31.964] [WARN] warning - Ruta: /favicon.ico - Método: GET
[2022-12-21T20:51:11.949] [WARN] warning - Ruta: /favicon.ico - Método: GET
[2022-12-21T20:51:24.933] [WARN] warning - Ruta: /favicon.ico - Método: GET
[2022-12-21T20:53:31.888] [WARN] warning - Ruta: /favicon.ico - Método: GET
[2022-12-21T20:54:41.295] [WARN] warning - Ruta: /favicon.ico - Método: GET
[2022-12-21T20:56:24.282] [WARN] warning - Ruta: /favicon.ico - Método: GET
[2022-12-21T20:57:17.785] [WARN] warning - Ruta: /favicon.ico - Método: GET
[2022-12-21T20:57:27.401] [WARN] warning - Ruta: /favicon.ico - Método: GET
[2022-12-21T20:57:31.567] [WARN] warning - Ruta: /favicon.ico - Método: GET
[2022-12-21T20:58:11.867] [WARN] warning - Ruta: /favicon.ico - Método: GET
[2022-12-21T20:59:04.573] [WARN] warning - Ruta: /favicon.ico - Método: GET
[2022-12-21T21:01:08.160] [WARN] warning - Ruta: /favicon.ico - Método: GET
[2022-12-21T21:04:43.448] [WARN] warning - Ruta: /favicon.ico - Método: GET
[2022-12-21T21:04:47.777] [WARN] warning - Ruta: /favicon.ico - Método: GET
[2022-12-21T21:04:50.576] [WARN] warning - Ruta: /favicon.ico - Método: GET
[2022-12-21T21:04:56.914] [WARN] warning - Ruta: /favicon.ico - Método: GET
[2022-12-21T21:05:05.277] [WARN] warning - Ruta: /favicon.ico - Método: GET
[2022-12-21T21:05:13.815] [WARN] warning - Ruta: /favicon.ico - Método: GET
[2022-12-21T21:14:38.441] [WARN] warning - Ruta: /favicon.ico - Método: GET
[2022-12-21T21:15:18.996] [WARN] warning - Ruta: /favicon.ico - Método: GET
[2022-12-21T21:15:23.271] [WARN] warning - Ruta: /favicon.ico - Método: GET
[2022-12-21T21:16:49.047] [WARN] warning - Ruta: /favicon.ico - Método: GET
[2022-12-21T21:17:30.082] [WARN] warning - Ruta: /favicon.ico - Método: GET
[2022-12-21T21:24:31.904] [WARN] warning - Ruta: /favicon.ico - Método: GET
[2022-12-21T21:24:34.704] [WARN] warning - Ruta: /favicon.ico - Método: GET
[2022-12-21T21:24:35.979] [WARN] warning - Ruta: /favicon.ico - Método: GET
[2022-12-21T21:24:37.449] [WARN] warning - Ruta: /favicon.ico - Método: GET
[2022-12-21T21:24:46.780] [WARN] warning - Ruta: /index.js - Método: GET
[2022-12-21T21:24:46.888] [WARN] warning - Ruta: /favicon.ico - Método: GET
[2022-12-21T21:27:25.783] [WARN] warning - Ruta: /favicon.ico - Método: GET
[2022-12-21T21:27:31.964] [WARN] warning - Ruta: /index.js - Método: GET
[2022-12-21T21:27:32.086] [WARN] warning - Ruta: /favicon.ico - Método: GET
[2022-12-21T21:28:31.623] [WARN] warning - Ruta: /favicon.ico - Método: GET
[2022-12-21T21:28:38.188] [WARN] warning - Ruta: /favicon.ico - Método: GET
[2022-12-21T21:30:20.280] [WARN] warning - Ruta: /favicon.ico - Método: GET
[2022-12-21T21:30:25.531] [WARN] warning - Ruta: /index.js - Método: GET
[2022-12-21T21:30:25.622] [WARN] warning - Ruta: /favicon.ico - Método: GET
[2022-12-21T21:32:05.562] [WARN] warning - Ruta: /favicon.ico - Método: GET
[2022-12-21T21:32:35.971] [WARN] warning - Ruta: /favicon.ico - Método: GET
[2022-12-21T21:33:33.405] [WARN] warning - Ruta: /favicon.ico - Método: GET
[2022-12-21T21:33:37.712] [WARN] warning - Ruta: /index.js - Método: GET
[2022-12-21T21:33:37.824] [WARN] warning - Ruta: /favicon.ico - Método: GET
[2022-12-21T21:39:13.372] [WARN] warning - Ruta: /favicon.ico - Método: GET
[2022-12-21T21:39:32.728] [WARN] warning - Ruta: /index.js - Método: GET
[2022-12-21T21:39:32.857] [WARN] warning - Ruta: /favicon.ico - Método: GET
[2022-12-21T21:42:06.303] [WARN] warning - Ruta: /favicon.ico - Método: GET
[2022-12-21T21:42:11.516] [WARN] warning - Ruta: /index.js - Método: GET
[2022-12-21T21:42:11.662] [WARN] warning - Ruta: /favicon.ico - Método: GET
[2022-12-21T21:46:05.051] [WARN] warning - Ruta: /favicon.ico - Método: GET
[2022-12-21T21:46:10.343] [WARN] warning - Ruta: /favicon.ico - Método: GET
[2022-12-21T21:46:15.867] [WARN] warning - Ruta: /index.js - Método: GET
[2022-12-21T21:46:15.963] [WARN] warning - Ruta: /favicon.ico - Método: GET
[2022-12-21T21:46:20.511] [WARN] warning - Ruta: /index.js - Método: GET
[2022-12-21T21:46:20.616] [WARN] warning - Ruta: /favicon.ico - Método: GET
[2022-12-21T21:48:59.599] [WARN] warning - Ruta: /favicon.ico - Método: GET
[2022-12-21T21:49:04.896] [WARN] warning - Ruta: /index.js - Método: GET
[2022-12-21T21:49:05.008] [WARN] warning - Ruta: /favicon.ico - Método: GET
[2022-12-21T21:55:29.330] [WARN] warning - Ruta: /favicon.ico - Método: GET
[2022-12-21T21:55:34.039] [WARN] warning - Ruta: /index.js - Método: GET
[2022-12-21T21:55:34.151] [WARN] warning - Ruta: /favicon.ico - Método: GET
[2022-12-21T22:01:45.667] [WARN] warning - Ruta: /favicon.ico - Método: GET
[2022-12-21T22:01:50.430] [WARN] warning - Ruta: /index.js - Método: GET
[2022-12-21T22:01:50.544] [WARN] warning - Ruta: /favicon.ico - Método: GET
[2022-12-21T22:04:16.185] [WARN] warning - Ruta: /favicon.ico - Método: GET
[2022-12-21T22:04:21.595] [WARN] warning - Ruta: /index.js - Método: GET
[2022-12-21T22:04:21.749] [WARN] warning - Ruta: /favicon.ico - Método: GET
[2022-12-21T22:08:34.880] [WARN] warning - Ruta: /favicon.ico - Método: GET
[2022-12-21T22:08:42.221] [WARN] warning - Ruta: /index.js - Método: GET
[2022-12-21T22:08:42.439] [WARN] warning - Ruta: /favicon.ico - Método: GET
[2022-12-21T22:09:32.651] [WARN] warning - Ruta: /favicon.ico - Método: GET
[2022-12-21T22:09:46.329] [WARN] warning - Ruta: /index.js - Método: GET
[2022-12-21T22:09:46.457] [WARN] warning - Ruta: /favicon.ico - Método: GET
[2022-12-21T22:11:55.443] [WARN] warning - Ruta: /favicon.ico - Método: GET
[2022-12-21T22:12:03.732] [WARN] warning - Ruta: /index.js - Método: GET
[2022-12-21T22:12:03.827] [WARN] warning - Ruta: /favicon.ico - Método: GET
[2022-12-21T22:14:00.040] [WARN] warning - Ruta: /favicon.ico - Método: GET
[2022-12-21T22:14:16.500] [WARN] warning - Ruta: /index.js - Método: GET
[2022-12-21T22:14:16.614] [WARN] warning - Ruta: /favicon.ico - Método: GET
[2022-12-21T22:15:04.983] [WARN] warning - Ruta: /favicon.ico - Método: GET
[2022-12-21T22:15:10.010] [WARN] warning - Ruta: /favicon.ico - Método: GET
[2022-12-21T22:15:29.560] [WARN] warning - Ruta: /favicon.ico - Método: GET
[2022-12-21T22:15:34.286] [WARN] warning - Ruta: /favicon.ico - Método: GET
[2022-12-21T22:16:17.653] [WARN] warning - Ruta: /favicon.ico - Método: GET
[2022-12-21T22:16:56.439] [WARN] warning - Ruta: /favicon.ico - Método: GET
[2022-12-21T22:33:19.256] [WARN] warning - Ruta: /favicon.ico - Método: GET
[2022-12-21T22:34:02.692] [WARN] warning - Ruta: /favicon.ico - Método: GET
[2022-12-21T22:34:08.035] [WARN] warning - Ruta: /index.js - Método: GET
[2022-12-21T22:34:08.150] [WARN] warning - Ruta: /favicon.ico - Método: GET
[2022-12-21T22:36:37.106] [WARN] warning - Ruta: /favicon.ico - Método: GET
[2022-12-21T22:36:41.915] [WARN] warning - Ruta: /index.js - Método: GET
[2022-12-21T22:36:42.032] [WARN] warning - Ruta: /favicon.ico - Método: GET
[2022-12-21T22:38:02.084] [WARN] warning - Ruta: /index.js - Método: GET
[2022-12-21T22:38:02.182] [WARN] warning - Ruta: /favicon.ico - Método: GET
[2022-12-21T22:38:05.205] [WARN] warning - Ruta: /index.js - Método: GET
[2022-12-21T22:38:05.298] [WARN] warning - Ruta: /favicon.ico - Método: GET
[2022-12-21T22:38:46.648] [WARN] warning - Ruta: /favicon.ico - Método: GET
[2022-12-21T22:38:50.853] [WARN] warning - Ruta: /index.js - Método: GET
[2022-12-21T22:38:50.981] [WARN] warning - Ruta: /favicon.ico - Método: GET
[2022-12-21T22:40:15.381] [WARN] warning - Ruta: /favicon.ico - Método: GET
[2022-12-21T22:40:30.527] [WARN] warning - Ruta: /index.js - Método: GET
[2022-12-21T22:40:30.643] [WARN] warning - Ruta: /favicon.ico - Método: GET
[2022-12-21T22:41:25.516] [WARN] warning - Ruta: /favicon.ico - Método: GET
[2022-12-21T22:41:30.874] [WARN] warning - Ruta: /index.js - Método: GET
[2022-12-21T22:41:30.993] [WARN] warning - Ruta: /favicon.ico - Método: GET
[2022-12-21T22:42:41.395] [WARN] warning - Ruta: /favicon.ico - Método: GET
[2022-12-21T22:42:46.619] [WARN] warning - Ruta: /$%7Bdata.foto%7D - Método: GET
[2022-12-21T22:42:46.625] [WARN] warning - Ruta: /index.js - Método: GET
[2022-12-21T22:42:46.770] [WARN] warning - Ruta: /$%7Bproducto.foto%7D - Método: GET
[2022-12-21T22:42:46.892] [WARN] warning - Ruta: /favicon.ico - Método: GET
[2022-12-21T22:44:27.810] [WARN] warning - Ruta: /favicon.ico - Método: GET
[2022-12-21T22:44:32.324] [WARN] warning - Ruta: /index.js - Método: GET
[2022-12-21T22:44:32.437] [WARN] warning - Ruta: /favicon.ico - Método: GET
[2022-12-21T22:46:41.579] [WARN] warning - Ruta: /favicon.ico - Método: GET
[2022-12-21T22:46:46.565] [WARN] warning - Ruta: /index.js - Método: GET
[2022-12-21T22:46:46.682] [WARN] warning - Ruta: /favicon.ico - Método: GET
[2022-12-21T22:47:27.894] [WARN] warning - Ruta: /favicon.ico - Método: GET
[2022-12-21T22:47:34.534] [WARN] warning - Ruta: /favicon.ico - Método: GET
[2022-12-21T22:49:49.103] [WARN] warning - Ruta: /favicon.ico - Método: GET
[2022-12-21T22:51:03.884] [WARN] warning - Ruta: /favicon.ico - Método: GET
[2022-12-21T22:51:44.685] [WARN] warning - Ruta: /favicon.ico - Método: GET
[2022-12-21T22:51:51.378] [WARN] warning - Ruta: /index.js - Método: GET
[2022-12-21T22:51:51.487] [WARN] warning - Ruta: /favicon.ico - Método: GET
[2022-12-21T22:54:49.299] [WARN] warning - Ruta: /favicon.ico - Método: GET
[2022-12-21T22:54:54.398] [WARN] warning - Ruta: /favicon.ico - Método: GET
[2022-12-21T22:55:16.525] [WARN] warning - Ruta: /favicon.ico - Método: GET
[2022-12-21T22:56:35.726] [WARN] warning - Ruta: /favicon.ico - Método: GET
[2022-12-21T22:56:47.389] [WARN] warning - Ruta: /favicon.ico - Método: GET
